The system is: Windows - 10.0.18362 - AMD64
Compiling the C compiler identification source file "CMakeCCompilerId.c" succeeded.
Compiler: C:/Program Files (x86)/Microsoft Visual Studio/2019/Enterprise/VC/Tools/MSVC/14.23.28105/bin/Hostx86/x86/cl.exe 
Build flags: 
Id flags:  

The output was:
0
Microsoft (R) C/C++ Optimizing Compiler versione 19.23.28105.4 per x86
Copyright (C) Microsoft Corporation. Tutti i diritti  sono riservati.

CMakeCCompilerId.c
Microsoft (R) Incremental Linker Version 14.23.28105.4
Copyright (C) Microsoft Corporation.  All rights reserved.

/out:CMakeCCompilerId.exe 
CMakeCCompilerId.obj 


Compilation of the C compiler identification source "CMakeCCompilerId.c" produced "CMakeCCompilerId.exe"

Compilation of the C compiler identification source "CMakeCCompilerId.c" produced "CMakeCCompilerId.obj"

The C compiler identification is MSVC, found in "C:/Users/fuomag9/Documents/Dev/roba-random/determinante NxN clion/cmake-build-debug/CMakeFiles/3.15.3/CompilerIdC/CMakeCCompilerId.exe"

Determining if the C compiler works passed with the following output:
Change Dir: C:/Users/fuomag9/Documents/Dev/roba-random/determinante NxN clion/cmake-build-debug/CMakeFiles/CMakeTmp

Run Build Command(s):nmake /nologo cmTC_d3ced\fast && 	"C:\Program Files (x86)\Microsoft Visual Studio\2019\Enterprise\VC\Tools\MSVC\14.23.28105\bin\HostX86\x86\nmake.exe" -f CMakeFiles\cmTC_d3ced.dir\build.make /nologo -L                  CMakeFiles\cmTC_d3ced.dir\build
Building C object CMakeFiles/cmTC_d3ced.dir/testCCompiler.c.obj
	C:\PROGRA~2\MICROS~1\2019\ENTERP~1\VC\Tools\MSVC\1423~1.281\bin\Hostx86\x86\cl.exe @C:\Users\fuomag9\AppData\Local\Temp\nm425C.tmp
testCCompiler.c
Linking C executable cmTC_d3ced.exe
	"C:\Program Files\JetBrains\CLion 193.3793.19\bin\cmake\win\bin\cmake.exe" -E vs_link_exe --intdir=CMakeFiles\cmTC_d3ced.dir --rc=C:\PROGRA~2\WI3CF2~1\10\bin\100183~1.0\x86\rc.exe --mt=C:\PROGRA~2\WI3CF2~1\10\bin\100183~1.0\x86\mt.exe --manifests  -- C:\PROGRA~2\MICROS~1\2019\ENTERP~1\VC\Tools\MSVC\1423~1.281\bin\Hostx86\x86\link.exe /nologo @CMakeFiles\cmTC_d3ced.dir\objects1.rsp @C:\Users\fuomag9\AppData\Local\Temp\nm43E4.tmp



Detecting C compiler ABI info compiled with the following output:
Change Dir: C:/Users/fuomag9/Documents/Dev/roba-random/determinante NxN clion/cmake-build-debug/CMakeFiles/CMakeTmp

Run Build Command(s):nmake /nologo cmTC_a0b35\fast && 	"C:\Program Files (x86)\Microsoft Visual Studio\2019\Enterprise\VC\Tools\MSVC\14.23.28105\bin\HostX86\x86\nmake.exe" -f CMakeFiles\cmTC_a0b35.dir\build.make /nologo -L                  CMakeFiles\cmTC_a0b35.dir\build
Building C object CMakeFiles/cmTC_a0b35.dir/CMakeCCompilerABI.c.obj
	C:\PROGRA~2\MICROS~1\2019\ENTERP~1\VC\Tools\MSVC\1423~1.281\bin\Hostx86\x86\cl.exe @C:\Users\fuomag9\AppData\Local\Temp\nm46E0.tmp
CMakeCCompilerABI.c
Linking C executable cmTC_a0b35.exe
	"C:\Program Files\JetBrains\CLion 193.3793.19\bin\cmake\win\bin\cmake.exe" -E vs_link_exe --intdir=CMakeFiles\cmTC_a0b35.dir --rc=C:\PROGRA~2\WI3CF2~1\10\bin\100183~1.0\x86\rc.exe --mt=C:\PROGRA~2\WI3CF2~1\10\bin\100183~1.0\x86\mt.exe --manifests  -- C:\PROGRA~2\MICROS~1\2019\ENTERP~1\VC\Tools\MSVC\1423~1.281\bin\Hostx86\x86\link.exe /nologo @CMakeFiles\cmTC_a0b35.dir\objects1.rsp @C:\Users\fuomag9\AppData\Local\Temp\nm478D.tmp



